; Top Design: "project_lib:out_match:schematic"
; Netlisted using Hierarchy Policy: "Standard"

Options ResourceUsage=yes UseNutmegFormat=no EnableOptim=no TopDesignName="project_lib:out_match:schematic" DcopOutputNodeVoltages=yes DcopOutputPinCurrents=yes DcopOutputAllSweepPoints=no DcopOutputDcopType=0
model MSub1 MSUB H=1.6 mm Er=4.4  Mur=1  Cond=5.96e7  Hu=1e+33 mm T=35 um TanD=0.02  Rough=0 mm DielectricLossModel=1 FreqForEpsrTanD=1.0 GHz LowFreqForTanD=1.0 kHz HighFreqForTanD=1.0 THz RoughnessModel=2 

;#@# autodisplay="S_Params_Quad_dB_Smith"
MLOC2:TL13  N__0 Subst="MSub1" W=3 mm L=10.62 mm tune{ 5 mm to 11 mm by 0.1 mm } Wall1=2.5e+28 mm Wall2=2.5e+28 mm Mod=1 
MTEE_ADS:Tee1  N__7 out N__0 Subst="MSub1" W1=3 mm W2=3 mm W3=3 mm 

Radius=(Length - 4*L2)/(4 *3.1415)
L2=2mm
W=3mm
Angle=90
Length=32.2mm
MCURVE:Curve1  in N__17 Subst="MSub1" W=W Angle=Angle Radius=Radius 
MCURVE:Curve8  N__19 N__7 Subst="MSub1" W=W Angle=Angle Radius=Radius 
MCURVE:Curve5  N__9 N__18 Subst="MSub1" W=W Angle=Angle Radius=Radius 
MCURVE:Curve4  N__12 N__9 Subst="MSub1" W=W Angle=Angle Radius=Radius 
MCURVE:Curve2  N__11 N__16 Subst="MSub1" W=W Angle=Angle Radius=Radius 
MCURVE:Curve7  N__14 N__6 Subst="MSub1" W=W Angle=Angle Radius=Radius 
MCURVE:Curve6  N__6 N__5 Subst="MSub1" W=W Angle=Angle Radius=Radius 
MCURVE:Curve3  N__10 N__11 Subst="MSub1" W=W Angle=Angle Radius=Radius 
MLIN2:TL17  N__14 N__19 Subst="MSub1" W=W L=L2 Wall1=2.5e+28 mm Wall2=2.5e+28 mm Mod=1 
MLIN2:TL16  N__5 N__18 Subst="MSub1" W=W L=L2 Wall1=2.5e+28 mm Wall2=2.5e+28 mm Mod=1 
MLIN2:TL15  N__10 N__12 Subst="MSub1" W=W L=L2 Wall1=2.5e+28 mm Wall2=2.5e+28 mm Mod=1 
MLIN2:TL14  N__16 N__17 Subst="MSub1" W=W L=L2 Wall1=2.5e+28 mm Wall2=2.5e+28 mm Mod=1 
